TN:
SF:libs/template/src/lib/template.module.ts
FNF:0
FNH:0
DA:1,17
DA:3,17
DA:4,17
DA:5,17
DA:6,17
DA:11,17
LF:6
LH:6
BRF:0
BRH:0
end_of_record
TN:
SF:libs/template/src/lib/core/render-aware/render-aware_creator.ts
FN:37,createRenderAware
FN:45,(anonymous_1)
FN:50,(anonymous_2)
FN:58,(anonymous_3)
FN:71,(anonymous_4)
FN:85,(anonymous_5)
FN:87,(anonymous_6)
FN:101,(anonymous_7)
FN:104,(anonymous_8)
FN:108,(anonymous_9)
FN:114,renderWithLatestStrategy
FN:117,(anonymous_11)
FN:122,(anonymous_12)
FN:128,handleErrorAndComplete
FN:129,(anonymous_14)
FN:130,(anonymous_15)
FN:132,(anonymous_16)
FN:134,(anonymous_17)
FN:138,(anonymous_18)
FN:140,(anonymous_19)
FNF:20
FNH:20
FNDA:72,createRenderAware
FNDA:67,(anonymous_1)
FNDA:67,(anonymous_2)
FNDA:66,(anonymous_3)
FNDA:65,(anonymous_4)
FNDA:65,(anonymous_5)
FNDA:61,(anonymous_6)
FNDA:74,(anonymous_7)
FNDA:87,(anonymous_8)
FNDA:64,(anonymous_9)
FNDA:61,renderWithLatestStrategy
FNDA:61,(anonymous_11)
FNDA:102,(anonymous_12)
FNDA:61,handleErrorAndComplete
FNDA:61,(anonymous_14)
FNDA:61,(anonymous_15)
FNDA:55,(anonymous_16)
FNDA:5,(anonymous_17)
FNDA:42,(anonymous_18)
FNDA:31,(anonymous_19)
DA:1,23
DA:10,23
DA:37,23
DA:41,72
DA:43,72
DA:46,67
DA:51,67
DA:52,67
DA:53,66
DA:55,1
DA:58,66
DA:63,72
DA:64,72
DA:67,72
DA:69,72
DA:72,65
DA:73,4
DA:75,61
DA:76,6
DA:77,6
DA:78,1
DA:81,60
DA:82,60
DA:85,65
DA:88,61
DA:100,72
DA:102,74
DA:105,87
DA:109,64
DA:117,61
DA:118,61
DA:123,102
DA:129,61
DA:130,61
DA:131,61
DA:132,55
DA:135,5
DA:136,5
DA:138,42
DA:140,61
LF:40
LH:40
BRDA:47,0,0,66
BRDA:47,0,1,1
BRDA:52,1,0,66
BRDA:52,1,1,1
BRDA:72,2,0,4
BRDA:72,2,1,61
BRDA:75,3,0,6
BRDA:75,3,1,55
BRDA:77,4,0,1
BRDA:77,4,1,5
BRF:10
BRH:10
end_of_record
TN:
SF:libs/template/src/lib/core/utils/coalescing-manager.ts
FN:18,(anonymous_0)
FN:31,createCoalesceManager
FN:39,removeWork
FN:49,addWork
FN:59,isCoalescing
FNF:5
FNH:5
FNDA:674,(anonymous_0)
FNDA:28,createCoalesceManager
FNDA:122,removeWork
FNDA:126,addWork
FNDA:178,isCoalescing
DA:1,28
DA:13,28
DA:15,28
DA:18,674
DA:32,28
DA:41,122
DA:43,122
DA:51,126
DA:53,126
DA:60,178
LF:10
LH:10
BRF:0
BRH:0
end_of_record
TN:
SF:libs/template/src/lib/core/utils/properties-weakmap.ts
FN:32,createPropertiesWeakMap
FN:43,getProperties
FN:54,(anonymous_2)
FN:64,setProperties
FN:66,(anonymous_4)
FN:73,hasKey
FNF:6
FNH:6
FNDA:29,createPropertiesWeakMap
FNDA:679,getProperties
FNDA:80,(anonymous_2)
FNDA:249,setProperties
FNDA:249,(anonymous_4)
FNDA:80,hasKey
DA:32,28
DA:36,29
DA:38,29
DA:44,679
DA:45,679
DA:48,679
DA:49,599
DA:51,80
DA:53,80
DA:55,80
DA:59,80
DA:61,679
DA:65,249
DA:66,249
DA:67,249
DA:69,249
DA:70,249
DA:74,80
LF:18
LH:18
BRDA:48,0,0,599
BRDA:48,0,1,80
BRDA:55,1,0,1
BRDA:55,1,1,79
BRF:4
BRH:4
end_of_record
TN:
SF:libs/template/src/lib/core/utils/template-manager_creator.ts
FN:57,createTemplateManager
FN:67,(anonymous_1)
FN:71,(anonymous_2)
FN:72,(anonymous_3)
FN:77,(anonymous_4)
FN:89,(anonymous_5)
FN:115,(anonymous_6)
FN:116,(anonymous_7)
FN:122,assertTemplate
FNF:9
FNH:9
FNDA:48,createTemplateManager
FNDA:58,(anonymous_1)
FNDA:55,(anonymous_2)
FNDA:91,(anonymous_3)
FNDA:68,(anonymous_4)
FNDA:73,(anonymous_5)
FNDA:26,(anonymous_6)
FNDA:27,(anonymous_7)
FNDA:68,assertTemplate
DA:57,18
DA:61,48
DA:62,48
DA:63,48
DA:66,48
DA:68,58
DA:72,55
DA:73,91
DA:78,68
DA:79,67
DA:80,66
DA:83,1
DA:90,73
DA:91,46
DA:93,45
DA:95,45
DA:96,1
DA:99,44
DA:103,44
DA:108,1
DA:111,45
DA:116,27
DA:117,26
DA:126,68
DA:129,68
DA:130,1
DA:134,67
LF:27
LH:27
BRDA:79,0,0,66
BRDA:79,0,1,1
BRDA:90,1,0,46
BRDA:90,1,1,27
BRDA:91,2,0,45
BRDA:91,2,1,1
BRDA:95,3,0,1
BRDA:95,3,1,44
BRDA:127,4,0,68
BRDA:127,4,1,68
BRDA:129,5,0,1
BRDA:129,5,1,67
BRF:12
BRH:12
end_of_record
TN:
SF:libs/template/src/lib/core/utils/unpatched-resolved-promise.ts
FN:7,getUnpatchedResolvedPromise
FNF:1
FNH:1
FNDA:134,getUnpatchedResolvedPromise
DA:3,27
DA:5,27
DA:7,27
DA:8,134
DA:9,134
LF:5
LH:5
BRDA:8,0,0,134
BRDA:8,0,1,17
BRF:2
BRH:2
end_of_record
TN:
SF:libs/template/src/lib/core/utils/zone-checks.ts
FN:16,getZoneUnPatchedApi
FN:35,isEnvZonePatched
FN:51,isApiZonePatched
FN:77,isNgZone
FN:86,fn
FN:87,(anonymous_5)
FN:109,isNoopNgZone
FNF:7
FNH:7
FNDA:187,getZoneUnPatchedApi
FNDA:2,isEnvZonePatched
FNDA:187,isApiZonePatched
FNDA:6,isNgZone
FNDA:3,fn
FNDA:2,(anonymous_5)
FNDA:4,isNoopNgZone
DA:1,27
DA:16,27
DA:17,187
DA:18,187
DA:35,27
DA:36,2
DA:51,27
DA:53,187
DA:56,27
DA:77,27
DA:78,6
DA:80,6
DA:81,1
DA:84,5
DA:87,5
DA:89,5
DA:90,5
DA:92,5
DA:109,27
DA:110,4
LF:20
LH:20
BRDA:17,0,0,187
BRDA:17,0,1,185
BRDA:18,1,0,184
BRDA:18,1,1,3
BRDA:80,2,0,1
BRDA:80,2,1,5
BRF:6
BRH:6
end_of_record
TN:
SF:libs/template/src/lib/let/let.directive.ts
FN:366,(anonymous_0)
FN:316,(anonymous_1)
FN:326,(anonymous_2)
FN:333,(anonymous_3)
FN:342,(anonymous_4)
FN:398,(anonymous_5)
FN:200,(anonymous_6)
FN:242,(anonymous_7)
FN:261,(anonymous_8)
FN:282,(anonymous_9)
FN:303,(anonymous_10)
FN:356,(anonymous_11)
FN:384,(anonymous_12)
FN:393,(anonymous_13)
FNF:14
FNH:14
FNDA:35,(anonymous_0)
FNDA:2,(anonymous_1)
FNDA:28,(anonymous_2)
FNDA:4,(anonymous_3)
FNDA:19,(anonymous_4)
FNDA:29,(anonymous_5)
FNDA:29,(anonymous_6)
FNDA:2,(anonymous_7)
FNDA:9,(anonymous_8)
FNDA:9,(anonymous_9)
FNDA:10,(anonymous_10)
FNDA:1,(anonymous_11)
FNDA:27,(anonymous_12)
FNDA:25,(anonymous_13)
DA:1,17
DA:11,17
DA:17,17
DA:18,17
DA:22,17
DA:153,17
DA:163,35
DA:200,17
DA:201,29
DA:242,17
DA:243,2
DA:261,17
DA:264,9
DA:282,17
DA:285,9
DA:303,17
DA:306,10
DA:309,35
DA:315,35
DA:317,2
DA:318,2
DA:327,28
DA:328,28
DA:335,4
DA:338,4
DA:344,19
DA:347,19
DA:360,1
DA:368,35
DA:369,35
DA:371,35
DA:372,35
DA:374,35
DA:378,35
DA:385,27
DA:386,27
DA:387,27
DA:394,25
DA:395,25
DA:398,35
DA:400,29
DA:401,10
LF:42
LH:42
BRDA:336,0,0,1
BRDA:336,0,1,3
BRDA:345,1,0,3
BRDA:345,1,1,16
BRDA:400,2,0,10
BRDA:400,2,1,19
BRDA:243,3,0,2
BRDA:243,3,1,1
BRF:8
BRH:8
end_of_record
TN:
SF:libs/template/src/lib/let/let.module.ts
FNF:0
FNH:0
DA:1,17
DA:2,17
DA:4,17
DA:10,17
LF:4
LH:4
BRF:0
BRH:0
end_of_record
TN:
SF:libs/template/src/lib/push/push.module.ts
FNF:0
FNH:0
DA:1,18
DA:2,18
DA:3,18
DA:25,18
LF:4
LH:4
BRF:0
BRH:0
end_of_record
TN:
SF:libs/template/src/lib/push/push.pipe.ts
FN:72,(anonymous_0)
FN:68,(anonymous_1)
FN:69,(anonymous_2)
FN:94,(anonymous_3)
FN:104,(anonymous_4)
FNF:5
FNH:5
FNDA:18,(anonymous_0)
FNDA:2,(anonymous_1)
FNDA:11,(anonymous_2)
FNDA:27,(anonymous_3)
FNDA:8,(anonymous_4)
DA:1,18
DA:12,18
DA:13,18
DA:14,18
DA:61,18
DA:67,18
DA:68,2
DA:69,11
DA:73,18
DA:79,18
DA:98,27
DA:99,27
DA:100,27
DA:101,27
DA:105,8
LF:15
LH:15
BRDA:98,0,0,27
BRDA:98,0,1,27
BRF:2
BRH:2
end_of_record
TN:
SF:libs/template/src/lib/render-strategies/rxjs/operators/coalesceWith.ts
FN:43,coalesceWith
FN:48,(anonymous_1)
FN:49,(anonymous_2)
FN:59,createInnerObserver
FN:66,(anonymous_4)
FN:73,(anonymous_5)
FN:79,(anonymous_6)
FN:80,(anonymous_7)
FN:85,(anonymous_8)
FN:89,(anonymous_9)
FNF:10
FNH:10
FNDA:104,coalesceWith
FNDA:104,(anonymous_1)
FNDA:104,(anonymous_2)
FNDA:104,createInnerObserver
FNDA:105,(anonymous_4)
FNDA:101,(anonymous_5)
FNDA:1,(anonymous_6)
FNDA:212,(anonymous_7)
FNDA:4,(anonymous_8)
FNDA:21,(anonymous_9)
DA:1,20
DA:10,20
DA:43,20
DA:47,104
DA:48,104
DA:49,104
DA:50,104
DA:51,104
DA:54,104
DA:57,104
DA:66,104
DA:67,105
DA:68,105
DA:69,100
DA:72,104
DA:74,101
DA:75,85
DA:77,101
DA:79,1
DA:81,212
DA:82,212
DA:83,105
DA:84,105
DA:86,4
DA:87,4
DA:90,21
DA:91,16
DA:92,16
DA:96,105
LF:29
LH:29
BRDA:47,0,0,104
BRDA:47,0,1,12
BRDA:68,1,0,100
BRDA:68,1,1,5
BRDA:74,2,0,85
BRDA:74,2,1,16
BRDA:82,3,0,105
BRDA:82,3,1,107
BRDA:90,4,0,16
BRDA:90,4,1,5
BRF:10
BRH:10
end_of_record
TN:
SF:libs/template/src/lib/render-strategies/rxjs/scheduling/animationFrameTick.ts
FN:4,(anonymous_0)
FN:5,(anonymous_1)
FN:6,(anonymous_2)
FN:11,(anonymous_3)
FNF:4
FNH:4
FNDA:22,(anonymous_0)
FNDA:87,(anonymous_1)
FNDA:16,(anonymous_2)
FNDA:78,(anonymous_3)
DA:1,22
DA:2,22
DA:4,22
DA:5,22
DA:6,87
DA:7,16
DA:8,16
DA:11,87
DA:12,78
LF:9
LH:9
BRF:0
BRH:0
end_of_record
TN:
SF:libs/template/src/lib/render-strategies/rxjs/scheduling/interfaces.ts
FN:1,(anonymous_0)
FNF:1
FNH:1
FNDA:22,(anonymous_0)
DA:1,22
DA:2,22
DA:3,22
DA:4,22
DA:5,22
DA:6,22
DA:7,22
DA:8,22
LF:8
LH:8
BRDA:1,0,0,22
BRDA:1,0,1,22
BRF:2
BRH:2
end_of_record
TN:
SF:libs/template/src/lib/render-strategies/rxjs/scheduling/priority-tick-map.ts
FNF:0
FNH:0
DA:2,22
DA:3,22
DA:4,22
DA:5,22
DA:6,22
DA:7,22
DA:9,22
LF:7
LH:7
BRF:0
BRH:0
end_of_record
TN:
SF:libs/template/src/lib/render-strategies/rxjs/scheduling/promiseTick.ts
FN:6,(anonymous_0)
FN:7,(anonymous_1)
FN:10,(anonymous_2)
FN:16,(anonymous_3)
FN:19,(anonymous_4)
FNF:5
FNH:5
FNDA:61,(anonymous_0)
FNDA:92,(anonymous_1)
FNDA:91,(anonymous_2)
FNDA:1,(anonymous_3)
FNDA:92,(anonymous_4)
DA:1,22
DA:2,22
DA:6,22
DA:7,61
DA:8,92
DA:9,92
DA:11,91
DA:12,8
DA:13,8
DA:17,1
DA:19,92
DA:20,92
DA:21,92
LF:13
LH:13
BRDA:11,0,0,8
BRDA:11,0,1,83
BRF:2
BRH:2
end_of_record
TN:
SF:libs/template/src/lib/render-strategies/static/static-coalesce.ts
FN:5,staticCoalesce
FN:15,(anonymous_1)
FN:18,(anonymous_2)
FN:29,tryExecuteWork
FNF:4
FNH:4
FNDA:54,staticCoalesce
FNDA:16,(anonymous_1)
FNDA:13,(anonymous_2)
FNDA:16,tryExecuteWork
DA:2,21
DA:5,21
DA:13,54
DA:14,18
DA:15,18
DA:16,16
DA:18,18
DA:19,13
DA:20,13
DA:22,18
DA:25,54
DA:30,16
DA:31,16
DA:32,15
DA:34,1
LF:15
LH:15
BRDA:8,0,0,1
BRDA:9,1,0,6
BRDA:13,2,0,18
BRDA:13,2,1,36
BRDA:31,3,0,15
BRDA:31,3,1,1
BRF:6
BRH:6
end_of_record
TN:
SF:libs/template/src/lib/render-strategies/static/static-schedule-and-coalesced.ts
FN:7,coalesceAndSchedule
FN:14,(anonymous_1)
FN:23,(anonymous_2)
FNF:3
FNH:3
FNDA:40,coalesceAndSchedule
FNDA:11,(anonymous_1)
FNDA:15,(anonymous_2)
DA:1,21
DA:2,21
DA:3,21
DA:5,21
DA:7,21
DA:13,40
DA:14,40
DA:16,40
DA:23,40
DA:24,15
DA:25,15
DA:27,40
DA:29,40
LF:13
LH:13
BRDA:10,0,0,1
BRDA:11,1,0,36
BRF:2
BRH:2
end_of_record
TN:
SF:libs/template/src/lib/render-strategies/static/static-schedule.ts
FN:4,staticSchedule
FN:19,(anonymous_1)
FN:20,(anonymous_2)
FN:23,(anonymous_3)
FN:32,tryExecuteWork
FNF:5
FNH:5
FNDA:15,staticSchedule
FNDA:1,(anonymous_1)
FNDA:12,(anonymous_2)
FNDA:12,(anonymous_3)
FNDA:14,tryExecuteWork
DA:1,21
DA:4,21
DA:10,15
DA:11,2
DA:12,2
DA:16,13
DA:19,1
DA:20,12
DA:23,13
DA:24,12
DA:25,12
DA:27,13
DA:29,13
DA:33,14
DA:34,13
DA:35,13
LF:16
LH:16
BRDA:7,0,0,3
BRDA:10,1,0,2
BRDA:10,1,1,13
BRDA:33,2,0,13
BRDA:33,2,1,1
BRF:5
BRH:5
end_of_record
TN:
SF:libs/template/src/lib/render-strategies/strategies/detach-strategy.ts
FN:23,getDetachStrategies
FN:51,createDetachStrategy
FN:58,(anonymous_2)
FN:63,(anonymous_3)
FN:66,(anonymous_4)
FN:66,(anonymous_5)
FN:69,(anonymous_6)
FNF:7
FNH:7
FNDA:95,getDetachStrategies
FNDA:95,createDetachStrategy
FNDA:6,(anonymous_2)
FNDA:9,(anonymous_3)
FNDA:9,(anonymous_4)
FNDA:3,(anonymous_5)
FNDA:13,(anonymous_6)
DA:1,19
DA:2,19
DA:3,19
DA:4,19
DA:9,19
DA:10,19
DA:12,19
DA:23,19
DA:26,95
DA:51,19
DA:54,95
DA:55,95
DA:56,95
DA:58,95
DA:59,6
DA:60,6
DA:61,6
DA:63,95
DA:66,9
DA:69,95
DA:70,13
DA:72,95
LF:22
LH:22
BRF:0
BRH:0
end_of_record
TN:
SF:libs/template/src/lib/render-strategies/strategies/global.strategy.ts
FN:7,getGlobalStrategies
FN:33,createGlobalStrategy
FN:36,(anonymous_2)
FN:41,(anonymous_3)
FN:42,(anonymous_4)
FNF:5
FNH:5
FNDA:95,getGlobalStrategies
FNDA:95,createGlobalStrategy
FNDA:14,(anonymous_2)
FNDA:3,(anonymous_3)
FNDA:14,(anonymous_4)
DA:1,19
DA:7,19
DA:10,95
DA:33,19
DA:36,95
DA:38,95
DA:41,3
DA:43,14
DA:44,14
LF:9
LH:9
BRF:0
BRH:0
end_of_record
TN:
SF:libs/template/src/lib/render-strategies/strategies/local.strategy.ts
FN:23,getLocalStrategies
FN:63,createLocalStrategy
FN:70,(anonymous_2)
FN:73,(anonymous_3)
FN:76,(anonymous_4)
FN:76,(anonymous_5)
FN:79,(anonymous_6)
FNF:7
FNH:7
FNDA:95,getLocalStrategies
FNDA:95,createLocalStrategy
FNDA:10,(anonymous_2)
FNDA:72,(anonymous_3)
FNDA:72,(anonymous_4)
FNDA:7,(anonymous_5)
FNDA:13,(anonymous_6)
DA:1,19
DA:2,19
DA:3,19
DA:4,19
DA:9,19
DA:10,19
DA:12,19
DA:23,19
DA:26,95
DA:63,19
DA:66,95
DA:67,95
DA:68,95
DA:70,95
DA:71,10
DA:73,95
DA:74,72
DA:76,72
DA:79,95
DA:80,13
DA:82,95
LF:21
LH:21
BRF:0
BRH:0
end_of_record
TN:
SF:libs/template/src/lib/render-strategies/strategies/native.strategy.ts
FN:24,createNativeStrategy
FN:30,(anonymous_1)
FN:31,(anonymous_2)
FN:31,(anonymous_3)
FN:34,(anonymous_4)
FNF:5
FNH:5
FNDA:97,createNativeStrategy
FNDA:1,(anonymous_1)
FNDA:3,(anonymous_2)
FNDA:13,(anonymous_3)
FNDA:13,(anonymous_4)
DA:2,19
DA:24,19
DA:27,97
DA:28,97
DA:30,1
DA:31,3
DA:32,13
DA:35,13
DA:36,13
LF:9
LH:9
BRF:0
BRH:0
end_of_record
TN:
SF:libs/template/src/lib/render-strategies/strategies/noop.strategy.ts
FN:23,createNoopStrategy
FN:26,(anonymous_1)
FN:27,(anonymous_2)
FN:28,(anonymous_3)
FNF:4
FNH:4
FNDA:96,createNoopStrategy
FNDA:6,(anonymous_1)
FNDA:2,(anonymous_2)
FNDA:13,(anonymous_3)
DA:23,19
DA:24,96
DA:27,2
DA:28,13
LF:4
LH:4
BRF:0
BRH:0
end_of_record
TN:
SF:libs/template/src/lib/render-strategies/strategies/strategies-map.ts
FN:29,getStrategies
FNF:1
FNH:1
FNDA:95,getStrategies
DA:5,19
DA:6,19
DA:7,19
DA:8,19
DA:9,19
DA:11,19
DA:29,19
DA:32,95
LF:8
LH:8
BRF:0
BRH:0
end_of_record
